<?xml version="1.0" encoding="UTF-8"?>
<!-- Generated by org.testng.reporters.JUnitReportReporter -->
<testsuite hostname="Shivanshs-MacBook-Air.local" failures="0" tests="3" name="ddt_extra.testNG" time="0.005" errors="0" timestamp="2025-10-10T01:24:47 IST" skipped="0">
  <testcase classname="ddt_extra.testNG" name="createChild" time="0.004"/>
  <testcase classname="ddt_extra.testNG" name="modifyChild" time="0.000"/>
  <testcase classname="ddt_extra.testNG" name="deleteChild" time="0.001">
    <system-out>
      <![CDATA[Kill it]]>
    </system-out>
  </testcase> <!-- deleteChild -->
  <system-out>
    <![CDATA[Kill it]]>
  </system-out>
</testsuite> <!-- ddt_extra.testNG -->
